
Showing logs for build [32mcb-kubecd-environment-pr-179-38-7s4dw-1[0m stage [32mfrom-build-pack[0m and container [32mstep-credential-initializer-p5wcb[0m
{"level":"warn","ts":1583958826.1394136,"logger":"fallback-logger","caller":"logging/config.go:69","msg":"Fetch GitHub commit ID from kodata failed: \"ref: refs/heads/0.8.0-**-support-backwards-incompats\" is not a valid GitHub commit ID"}
{"level":"info","ts":1583958826.140419,"logger":"fallback-logger","caller":"creds-init/main.go:40","msg":"Credentials initialized."}

Showing logs for build [32mcb-kubecd-environment-pr-179-38-7s4dw-1[0m stage [32mfrom-build-pack[0m and container [32mstep-working-dir-initializer-fg5gs[0m
{"level":"warn","ts":1583958828.69526,"logger":"fallback-logger","caller":"logging/config.go:69","msg":"Fetch GitHub commit ID from kodata failed: open /var/run/ko/HEAD: no such file or directory"}
{"level":"info","ts":1583958828.6975055,"logger":"fallback-logger","caller":"bash/main.go:64","msg":"Successfully executed command \"sh -c mkdir -p /workspace/source\"; output "}

Showing logs for build [32mcb-kubecd-environment-pr-179-38-7s4dw-1[0m stage [32mfrom-build-pack[0m and container [32mstep-place-tools[0m

Showing logs for build [32mcb-kubecd-environment-pr-179-38-7s4dw-1[0m stage [32mfrom-build-pack[0m and container [32mstep-git-source-cb-kubecd-environment-pr-179-38-7s4dw-wt6b8[0m
{"level":"warn","ts":1583958842.2040732,"logger":"fallback-logger","caller":"logging/config.go:69","msg":"Fetch GitHub commit ID from kodata failed: \"ref: refs/heads/0.8.0-**-support-backwards-incompats\" is not a valid GitHub commit ID"}
{"level":"info","ts":1583958843.336275,"logger":"fallback-logger","caller":"git/git.go:103","msg":"Successfully cloned https://github.com/cb-kubecd/environment-pr-179-38-boot-vault-gke-staging.git @ master in path /workspace/source"}

Showing logs for build [32mcb-kubecd-environment-pr-179-38-7s4dw-1[0m stage [32mfrom-build-pack[0m and container [32mstep-git-merge[0m
Using SHAs from PULL_REFS=master:d96525a90bf114409d00a2be55e3f2f3955d512d,1:f905ea5f448a456808ed85567bed2c5615088f9d
DEBUG: LC_ALL=C JX_LOG_LEVEL=error git fetch origin --unshallow f905ea5f448a456808ed85567bed2c5615088f9d: d96525a90bf114409d00a2be55e3f2f3955d512d:
DEBUG: ran git fetch --unshallow origin f905ea5f448a456808ed85567bed2c5615088f9d: d96525a90bf114409d00a2be55e3f2f3955d512d: in 
DEBUG: LC_ALL=C JX_LOG_LEVEL=error git branch
DEBUG: JX_LOG_LEVEL=error LC_ALL=C git checkout master
DEBUG: ran git checkout master in 
DEBUG: LC_ALL=C JX_LOG_LEVEL=error git reset --hard d96525a90bf114409d00a2be55e3f2f3955d512d
DEBUG: ran git reset --hard d96525a90bf114409d00a2be55e3f2f3955d512d in 
DEBUG: LC_ALL=C JX_LOG_LEVEL=error git clean -fd .
DEBUG: ran clean --force -d . in 
DEBUG: LC_ALL=C JX_LOG_LEVEL=error git merge f905ea5f448a456808ed85567bed2c5615088f9d
DEBUG: ran git merge f905ea5f448a456808ed85567bed2c5615088f9d in 
DEBUG: LC_ALL=C JX_LOG_LEVEL=error git log --format=%H%x1f%an%x1f%ae%x1f%cn%x1f%ce%x1f%s%n%b%x1e d96525a90bf114409d00a2be55e3f2f3955d512d..HEAD
Merged SHA f905ea5f448a456808ed85567bed2c5615088f9d with commit message 'chore: Promote bdd-spring-1583958454 to version 0.0.1' into base branch master

Showing logs for build [32mcb-kubecd-environment-pr-179-38-7s4dw-1[0m stage [32mfrom-build-pack[0m and container [32mstep-build-helm-build[0m
WARNING: No $CHART_REPOSITORY defined so using the default value of: http://jenkins-x-chartmuseum:8080
Adding missing Helm repo: storage.googleapis.com https://storage.googleapis.com/chartmuseum.jenkins-x.io
WARNING: No secrets found on "helm/repos" due: reading the secret "helm/repos" from vault: no secret "helm/repos" not found in vault
Read credentials for https://storage.googleapis.com/chartmuseum.jenkins-x.io from vault helm/repos
Successfully added Helm repository storage.googleapis.com.
Adding missing Helm repo: jenkins-x-chartmuseum http://jenkins-x-chartmuseum:8080
WARNING: No secrets found on "helm/repos" due: reading the secret "helm/repos" from vault: no secret "helm/repos" not found in vault
Read credentials for http://jenkins-x-chartmuseum:8080 from vault helm/repos
Successfully added Helm repository jenkins-x-chartmuseum.
WARNING: No $CHART_REPOSITORY defined so using the default value of: http://jenkins-x-chartmuseum:8080
Adding missing Helm repo: chartmuseum.jenkins-x.io http://chartmuseum.jenkins-x.io
WARNING: No secrets found on "helm/repos" due: reading the secret "helm/repos" from vault: no secret "helm/repos" not found in vault
Read credentials for http://chartmuseum.jenkins-x.io from vault helm/repos
Successfully added Helm repository chartmuseum.jenkins-x.io.
